{"/home/frontend/frontend-project-46/src/creationTree.js": {"path":"/home/frontend/frontend-project-46/src/creationTree.js","statementMap":{"0":{"start":{"line":3,"column":21},"end":{"line":31,"column":1}},"1":{"start":{"line":4,"column":19},"end":{"line":4,"column":73}},"2":{"start":{"line":5,"column":21},"end":{"line":5,"column":39}},"3":{"start":{"line":7,"column":17},"end":{"line":28,"column":4}},"4":{"start":{"line":8,"column":4},"end":{"line":10,"column":5}},"5":{"start":{"line":9,"column":6},"end":{"line":9,"column":65}},"6":{"start":{"line":11,"column":4},"end":{"line":26,"column":5}},"7":{"start":{"line":12,"column":6},"end":{"line":16,"column":7}},"8":{"start":{"line":14,"column":25},"end":{"line":14,"column":61}},"9":{"start":{"line":15,"column":8},"end":{"line":15,"column":39}},"10":{"start":{"line":17,"column":6},"end":{"line":19,"column":7}},"11":{"start":{"line":18,"column":8},"end":{"line":18,"column":67}},"12":{"start":{"line":20,"column":6},"end":{"line":25,"column":7}},"13":{"start":{"line":21,"column":8},"end":{"line":24,"column":10}},"14":{"start":{"line":27,"column":4},"end":{"line":27,"column":61}},"15":{"start":{"line":30,"column":2},"end":{"line":30,"column":16}}},"fnMap":{"0":{"name":"(anonymous_0)","decl":{"start":{"line":3,"column":21},"end":{"line":3,"column":22}},"loc":{"start":{"line":3,"column":39},"end":{"line":31,"column":1}},"line":3},"1":{"name":"(anonymous_1)","decl":{"start":{"line":7,"column":32},"end":{"line":7,"column":33}},"loc":{"start":{"line":7,"column":41},"end":{"line":28,"column":3}},"line":7}},"branchMap":{"0":{"loc":{"start":{"line":8,"column":4},"end":{"line":10,"column":5}},"type":"if","locations":[{"start":{"line":8,"column":4},"end":{"line":10,"column":5}},{"start":{},"end":{}}],"line":8},"1":{"loc":{"start":{"line":8,"column":8},"end":{"line":8,"column":47}},"type":"binary-expr","locations":[{"start":{"line":8,"column":8},"end":{"line":8,"column":25}},{"start":{"line":8,"column":29},"end":{"line":8,"column":47}}],"line":8},"2":{"loc":{"start":{"line":11,"column":4},"end":{"line":26,"column":5}},"type":"if","locations":[{"start":{"line":11,"column":4},"end":{"line":26,"column":5}},{"start":{},"end":{}}],"line":11},"3":{"loc":{"start":{"line":11,"column":8},"end":{"line":11,"column":46}},"type":"binary-expr","locations":[{"start":{"line":11,"column":8},"end":{"line":11,"column":25}},{"start":{"line":11,"column":29},"end":{"line":11,"column":46}}],"line":11},"4":{"loc":{"start":{"line":12,"column":6},"end":{"line":16,"column":7}},"type":"if","locations":[{"start":{"line":12,"column":6},"end":{"line":16,"column":7}},{"start":{},"end":{}}],"line":12},"5":{"loc":{"start":{"line":12,"column":10},"end":{"line":13,"column":65}},"type":"binary-expr","locations":[{"start":{"line":12,"column":10},"end":{"line":12,"column":32}},{"start":{"line":12,"column":36},"end":{"line":12,"column":58}},{"start":{"line":13,"column":9},"end":{"line":13,"column":35}},{"start":{"line":13,"column":39},"end":{"line":13,"column":65}}],"line":12},"6":{"loc":{"start":{"line":17,"column":6},"end":{"line":19,"column":7}},"type":"if","locations":[{"start":{"line":17,"column":6},"end":{"line":19,"column":7}},{"start":{},"end":{}}],"line":17},"7":{"loc":{"start":{"line":20,"column":6},"end":{"line":25,"column":7}},"type":"if","locations":[{"start":{"line":20,"column":6},"end":{"line":25,"column":7}},{"start":{},"end":{}}],"line":20}},"s":{"0":1,"1":30,"2":30,"3":30,"4":108,"5":15,"6":93,"7":66,"8":24,"9":24,"10":42,"11":18,"12":24,"13":24,"14":27,"15":30},"f":{"0":30,"1":108},"b":{"0":[15,93],"1":[108,81],"2":[66,27],"3":[93,66],"4":[24,42],"5":[66,29,24,24],"6":[18,24],"7":[24,0]},"_coverageSchema":"1a1c01bbd47fc00a2c39e90264f33305004495a9","hash":"e833f32696ff5331e768922ff8c7f7849649aff5"}
,"/home/frontend/frontend-project-46/src/index.js": {"path":"/home/frontend/frontend-project-46/src/index.js","statementMap":{"0":{"start":{"line":7,"column":20},"end":{"line":7,"column":71}},"1":{"start":{"line":7,"column":34},"end":{"line":7,"column":71}},"2":{"start":{"line":9,"column":19},"end":{"line":9,"column":55}},"3":{"start":{"line":9,"column":33},"end":{"line":9,"column":55}},"4":{"start":{"line":11,"column":17},"end":{"line":11,"column":53}},"5":{"start":{"line":11,"column":31},"end":{"line":11,"column":53}},"6":{"start":{"line":13,"column":16},"end":{"line":24,"column":1}},"7":{"start":{"line":14,"column":20},"end":{"line":14,"column":38}},"8":{"start":{"line":15,"column":23},"end":{"line":15,"column":44}},"9":{"start":{"line":16,"column":16},"end":{"line":16,"column":58}},"10":{"start":{"line":18,"column":20},"end":{"line":18,"column":38}},"11":{"start":{"line":19,"column":23},"end":{"line":19,"column":44}},"12":{"start":{"line":20,"column":16},"end":{"line":20,"column":58}},"13":{"start":{"line":22,"column":20},"end":{"line":22,"column":46}},"14":{"start":{"line":23,"column":2},"end":{"line":23,"column":39}}},"fnMap":{"0":{"name":"(anonymous_0)","decl":{"start":{"line":7,"column":20},"end":{"line":7,"column":21}},"loc":{"start":{"line":7,"column":34},"end":{"line":7,"column":71}},"line":7},"1":{"name":"(anonymous_1)","decl":{"start":{"line":9,"column":19},"end":{"line":9,"column":20}},"loc":{"start":{"line":9,"column":33},"end":{"line":9,"column":55}},"line":9},"2":{"name":"(anonymous_2)","decl":{"start":{"line":11,"column":17},"end":{"line":11,"column":18}},"loc":{"start":{"line":11,"column":31},"end":{"line":11,"column":53}},"line":11},"3":{"name":"(anonymous_3)","decl":{"start":{"line":13,"column":16},"end":{"line":13,"column":17}},"loc":{"start":{"line":13,"column":58},"end":{"line":24,"column":1}},"line":13}},"branchMap":{"0":{"loc":{"start":{"line":13,"column":31},"end":{"line":13,"column":53}},"type":"default-arg","locations":[{"start":{"line":13,"column":44},"end":{"line":13,"column":53}}],"line":13}},"s":{"0":1,"1":10,"2":1,"3":10,"4":1,"5":10,"6":1,"7":5,"8":5,"9":5,"10":5,"11":5,"12":5,"13":5,"14":5},"f":{"0":10,"1":10,"2":10,"3":5},"b":{"0":[3]},"_coverageSchema":"1a1c01bbd47fc00a2c39e90264f33305004495a9","hash":"259bf049c43f679078e358430fdec155268210fe"}
,"/home/frontend/frontend-project-46/src/parsers.js": {"path":"/home/frontend/frontend-project-46/src/parsers.js","statementMap":{"0":{"start":{"line":3,"column":16},"end":{"line":12,"column":1}},"1":{"start":{"line":5,"column":2},"end":{"line":9,"column":3}},"2":{"start":{"line":6,"column":4},"end":{"line":6,"column":23}},"3":{"start":{"line":7,"column":9},"end":{"line":9,"column":3}},"4":{"start":{"line":8,"column":4},"end":{"line":8,"column":22}},"5":{"start":{"line":11,"column":2},"end":{"line":11,"column":21}}},"fnMap":{"0":{"name":"(anonymous_0)","decl":{"start":{"line":3,"column":16},"end":{"line":3,"column":17}},"loc":{"start":{"line":3,"column":35},"end":{"line":12,"column":1}},"line":3}},"branchMap":{"0":{"loc":{"start":{"line":5,"column":2},"end":{"line":9,"column":3}},"type":"if","locations":[{"start":{"line":5,"column":2},"end":{"line":9,"column":3}},{"start":{"line":7,"column":9},"end":{"line":9,"column":3}}],"line":5},"1":{"loc":{"start":{"line":7,"column":9},"end":{"line":9,"column":3}},"type":"if","locations":[{"start":{"line":7,"column":9},"end":{"line":9,"column":3}},{"start":{},"end":{}}],"line":7},"2":{"loc":{"start":{"line":7,"column":13},"end":{"line":7,"column":54}},"type":"binary-expr","locations":[{"start":{"line":7,"column":13},"end":{"line":7,"column":31}},{"start":{"line":7,"column":35},"end":{"line":7,"column":54}}],"line":7}},"s":{"0":1,"1":10,"2":6,"3":4,"4":4,"5":10},"f":{"0":10},"b":{"0":[6,4],"1":[4,0],"2":[4,2]},"_coverageSchema":"1a1c01bbd47fc00a2c39e90264f33305004495a9","hash":"da7adf5b2639b69f898d950d68eb121dfe7eda6a"}
,"/home/frontend/frontend-project-46/src/formatters/index.js": {"path":"/home/frontend/frontend-project-46/src/formatters/index.js","statementMap":{"0":{"start":{"line":5,"column":2},"end":{"line":12,"column":3}},"1":{"start":{"line":7,"column":6},"end":{"line":7,"column":32}},"2":{"start":{"line":9,"column":6},"end":{"line":9,"column":30}},"3":{"start":{"line":11,"column":6},"end":{"line":11,"column":61}}},"fnMap":{"0":{"name":"(anonymous_0)","decl":{"start":{"line":4,"column":15},"end":{"line":4,"column":16}},"loc":{"start":{"line":4,"column":38},"end":{"line":13,"column":1}},"line":4}},"branchMap":{"0":{"loc":{"start":{"line":5,"column":2},"end":{"line":12,"column":3}},"type":"switch","locations":[{"start":{"line":6,"column":4},"end":{"line":7,"column":32}},{"start":{"line":8,"column":4},"end":{"line":9,"column":30}},{"start":{"line":10,"column":4},"end":{"line":11,"column":61}}],"line":5}},"s":{"0":5,"1":3,"2":1,"3":1},"f":{"0":5},"b":{"0":[3,1,1]},"_coverageSchema":"1a1c01bbd47fc00a2c39e90264f33305004495a9","hash":"1ec8a18144bd63332bd3a4f155c01b7a21e05c89"}
,"/home/frontend/frontend-project-46/src/formatters/plain.js": {"path":"/home/frontend/frontend-project-46/src/formatters/plain.js","statementMap":{"0":{"start":{"line":4,"column":26},"end":{"line":11,"column":1}},"1":{"start":{"line":5,"column":2},"end":{"line":7,"column":3}},"2":{"start":{"line":6,"column":4},"end":{"line":6,"column":29}},"3":{"start":{"line":7,"column":4},"end":{"line":9,"column":3}},"4":{"start":{"line":8,"column":4},"end":{"line":8,"column":24}},"5":{"start":{"line":10,"column":2},"end":{"line":10,"column":15}},"6":{"start":{"line":13,"column":21},"end":{"line":30,"column":1}},"7":{"start":{"line":14,"column":2},"end":{"line":17,"column":3}},"8":{"start":{"line":15,"column":28},"end":{"line":15,"column":32}},"9":{"start":{"line":16,"column":4},"end":{"line":16,"column":128}},"10":{"start":{"line":19,"column":2},"end":{"line":21,"column":3}},"11":{"start":{"line":20,"column":4},"end":{"line":20,"column":92}},"12":{"start":{"line":23,"column":2},"end":{"line":25,"column":3}},"13":{"start":{"line":24,"column":4},"end":{"line":24,"column":92}},"14":{"start":{"line":26,"column":2},"end":{"line":28,"column":3}},"15":{"start":{"line":27,"column":4},"end":{"line":27,"column":14}},"16":{"start":{"line":29,"column":2},"end":{"line":29,"column":47}},"17":{"start":{"line":32,"column":14},"end":{"line":63,"column":1}},"18":{"start":{"line":33,"column":20},"end":{"line":33,"column":37}},"19":{"start":{"line":35,"column":15},"end":{"line":60,"column":3}},"20":{"start":{"line":36,"column":19},"end":{"line":57,"column":6}},"21":{"start":{"line":37,"column":23},"end":{"line":37,"column":27}},"22":{"start":{"line":39,"column":6},"end":{"line":54,"column":7}},"23":{"start":{"line":40,"column":29},"end":{"line":40,"column":33}},"24":{"start":{"line":41,"column":33},"end":{"line":52,"column":10}},"25":{"start":{"line":42,"column":10},"end":{"line":48,"column":11}},"26":{"start":{"line":43,"column":12},"end":{"line":47,"column":15}},"27":{"start":{"line":45,"column":14},"end":{"line":45,"column":57}},"28":{"start":{"line":46,"column":14},"end":{"line":46,"column":30}},"29":{"start":{"line":50,"column":10},"end":{"line":50,"column":47}},"30":{"start":{"line":51,"column":10},"end":{"line":51,"column":23}},"31":{"start":{"line":53,"column":8},"end":{"line":53,"column":38}},"32":{"start":{"line":56,"column":6},"end":{"line":56,"column":32}},"33":{"start":{"line":59,"column":4},"end":{"line":59,"column":40}},"34":{"start":{"line":62,"column":2},"end":{"line":62,"column":25}},"35":{"start":{"line":65,"column":14},"end":{"line":90,"column":1}},"36":{"start":{"line":92,"column":14},"end":{"line":122,"column":1}},"37":{"start":{"line":124,"column":13},"end":{"line":124,"column":39}},"38":{"start":{"line":126,"column":0},"end":{"line":126,"column":25}}},"fnMap":{"0":{"name":"(anonymous_0)","decl":{"start":{"line":4,"column":26},"end":{"line":4,"column":27}},"loc":{"start":{"line":4,"column":37},"end":{"line":11,"column":1}},"line":4},"1":{"name":"(anonymous_1)","decl":{"start":{"line":13,"column":21},"end":{"line":13,"column":22}},"loc":{"start":{"line":13,"column":31},"end":{"line":30,"column":1}},"line":13},"2":{"name":"(anonymous_2)","decl":{"start":{"line":32,"column":14},"end":{"line":32,"column":15}},"loc":{"start":{"line":32,"column":24},"end":{"line":63,"column":1}},"line":32},"3":{"name":"(anonymous_3)","decl":{"start":{"line":35,"column":15},"end":{"line":35,"column":16}},"loc":{"start":{"line":35,"column":25},"end":{"line":60,"column":3}},"line":35},"4":{"name":"(anonymous_4)","decl":{"start":{"line":36,"column":28},"end":{"line":36,"column":29}},"loc":{"start":{"line":36,"column":38},"end":{"line":57,"column":5}},"line":36},"5":{"name":"(anonymous_5)","decl":{"start":{"line":41,"column":46},"end":{"line":41,"column":47}},"loc":{"start":{"line":41,"column":57},"end":{"line":52,"column":9}},"line":41},"6":{"name":"(anonymous_6)","decl":{"start":{"line":43,"column":22},"end":{"line":43,"column":23}},"loc":{"start":{"line":43,"column":36},"end":{"line":47,"column":13}},"line":43}},"branchMap":{"0":{"loc":{"start":{"line":5,"column":2},"end":{"line":7,"column":3}},"type":"if","locations":[{"start":{"line":5,"column":2},"end":{"line":7,"column":3}},{"start":{},"end":{}}],"line":5},"1":{"loc":{"start":{"line":7,"column":4},"end":{"line":9,"column":3}},"type":"if","locations":[{"start":{"line":7,"column":4},"end":{"line":9,"column":3}},{"start":{},"end":{}}],"line":7},"2":{"loc":{"start":{"line":14,"column":2},"end":{"line":17,"column":3}},"type":"if","locations":[{"start":{"line":14,"column":2},"end":{"line":17,"column":3}},{"start":{},"end":{}}],"line":14},"3":{"loc":{"start":{"line":19,"column":2},"end":{"line":21,"column":3}},"type":"if","locations":[{"start":{"line":19,"column":2},"end":{"line":21,"column":3}},{"start":{},"end":{}}],"line":19},"4":{"loc":{"start":{"line":19,"column":6},"end":{"line":19,"column":55}},"type":"binary-expr","locations":[{"start":{"line":19,"column":6},"end":{"line":19,"column":28}},{"start":{"line":19,"column":32},"end":{"line":19,"column":55}}],"line":19},"5":{"loc":{"start":{"line":23,"column":2},"end":{"line":25,"column":3}},"type":"if","locations":[{"start":{"line":23,"column":2},"end":{"line":25,"column":3}},{"start":{},"end":{}}],"line":23},"6":{"loc":{"start":{"line":26,"column":2},"end":{"line":28,"column":3}},"type":"if","locations":[{"start":{"line":26,"column":2},"end":{"line":28,"column":3}},{"start":{},"end":{}}],"line":26},"7":{"loc":{"start":{"line":39,"column":6},"end":{"line":54,"column":7}},"type":"if","locations":[{"start":{"line":39,"column":6},"end":{"line":54,"column":7}},{"start":{},"end":{}}],"line":39},"8":{"loc":{"start":{"line":42,"column":10},"end":{"line":48,"column":11}},"type":"if","locations":[{"start":{"line":42,"column":10},"end":{"line":48,"column":11}},{"start":{},"end":{}}],"line":42}},"s":{"0":1,"1":26,"2":6,"3":20,"4":14,"5":6,"6":1,"7":28,"8":8,"9":8,"10":20,"11":4,"12":16,"13":6,"14":10,"15":6,"16":4,"17":1,"18":2,"19":2,"20":10,"21":36,"22":36,"23":8,"24":8,"25":28,"26":8,"27":16,"28":16,"29":28,"30":28,"31":8,"32":28,"33":10,"34":2,"35":1,"36":1,"37":1,"38":1},"f":{"0":26,"1":28,"2":2,"3":10,"4":36,"5":28,"6":16},"b":{"0":[6,20],"1":[14,6],"2":[8,20],"3":[4,16],"4":[20,6],"5":[6,10],"6":[6,4],"7":[8,28],"8":[8,20]},"_coverageSchema":"1a1c01bbd47fc00a2c39e90264f33305004495a9","hash":"87acf48ced01bc80a4fb5270bf45fedfb908cf4a"}
,"/home/frontend/frontend-project-46/src/formatters/stylish.js": {"path":"/home/frontend/frontend-project-46/src/formatters/stylish.js","statementMap":{"0":{"start":{"line":3,"column":16},"end":{"line":65,"column":1}},"1":{"start":{"line":4,"column":15},"end":{"line":62,"column":3}},"2":{"start":{"line":5,"column":24},"end":{"line":5,"column":25}},"3":{"start":{"line":6,"column":23},"end":{"line":6,"column":58}},"4":{"start":{"line":7,"column":26},"end":{"line":7,"column":53}},"5":{"start":{"line":9,"column":4},"end":{"line":17,"column":5}},"6":{"start":{"line":10,"column":28},"end":{"line":10,"column":48}},"7":{"start":{"line":11,"column":6},"end":{"line":16,"column":18}},"8":{"start":{"line":12,"column":8},"end":{"line":14,"column":9}},"9":{"start":{"line":13,"column":10},"end":{"line":13,"column":95}},"10":{"start":{"line":15,"column":8},"end":{"line":15,"column":54}},"11":{"start":{"line":19,"column":19},"end":{"line":59,"column":6}},"12":{"start":{"line":20,"column":23},"end":{"line":20,"column":27}},"13":{"start":{"line":22,"column":6},"end":{"line":25,"column":7}},"14":{"start":{"line":23,"column":29},"end":{"line":23,"column":33}},"15":{"start":{"line":24,"column":8},"end":{"line":24,"column":97}},"16":{"start":{"line":26,"column":6},"end":{"line":41,"column":7}},"17":{"start":{"line":27,"column":31},"end":{"line":38,"column":10}},"18":{"start":{"line":28,"column":10},"end":{"line":30,"column":11}},"19":{"start":{"line":29,"column":12},"end":{"line":29,"column":110}},"20":{"start":{"line":31,"column":10},"end":{"line":33,"column":11}},"21":{"start":{"line":32,"column":12},"end":{"line":32,"column":108}},"22":{"start":{"line":34,"column":10},"end":{"line":36,"column":11}},"23":{"start":{"line":35,"column":12},"end":{"line":35,"column":71}},"24":{"start":{"line":37,"column":10},"end":{"line":37,"column":67}},"25":{"start":{"line":40,"column":8},"end":{"line":40,"column":39}},"26":{"start":{"line":43,"column":6},"end":{"line":50,"column":7}},"27":{"start":{"line":44,"column":8},"end":{"line":46,"column":9}},"28":{"start":{"line":45,"column":10},"end":{"line":45,"column":99}},"29":{"start":{"line":47,"column":8},"end":{"line":49,"column":9}},"30":{"start":{"line":48,"column":10},"end":{"line":48,"column":99}},"31":{"start":{"line":52,"column":6},"end":{"line":54,"column":7}},"32":{"start":{"line":53,"column":8},"end":{"line":53,"column":58}},"33":{"start":{"line":55,"column":6},"end":{"line":57,"column":7}},"34":{"start":{"line":56,"column":8},"end":{"line":56,"column":58}},"35":{"start":{"line":58,"column":6},"end":{"line":58,"column":56}},"36":{"start":{"line":61,"column":4},"end":{"line":61,"column":29}},"37":{"start":{"line":64,"column":2},"end":{"line":64,"column":34}}},"fnMap":{"0":{"name":"(anonymous_0)","decl":{"start":{"line":3,"column":16},"end":{"line":3,"column":17}},"loc":{"start":{"line":3,"column":59},"end":{"line":65,"column":1}},"line":3},"1":{"name":"(anonymous_1)","decl":{"start":{"line":4,"column":15},"end":{"line":4,"column":16}},"loc":{"start":{"line":4,"column":32},"end":{"line":62,"column":3}},"line":4},"2":{"name":"(anonymous_2)","decl":{"start":{"line":11,"column":31},"end":{"line":11,"column":32}},"loc":{"start":{"line":11,"column":49},"end":{"line":16,"column":7}},"line":11},"3":{"name":"(anonymous_3)","decl":{"start":{"line":19,"column":28},"end":{"line":19,"column":29}},"loc":{"start":{"line":19,"column":38},"end":{"line":59,"column":5}},"line":19},"4":{"name":"(anonymous_4)","decl":{"start":{"line":27,"column":40},"end":{"line":27,"column":41}},"loc":{"start":{"line":27,"column":51},"end":{"line":38,"column":9}},"line":27}},"branchMap":{"0":{"loc":{"start":{"line":3,"column":23},"end":{"line":3,"column":37}},"type":"default-arg","locations":[{"start":{"line":3,"column":34},"end":{"line":3,"column":37}}],"line":3},"1":{"loc":{"start":{"line":3,"column":39},"end":{"line":3,"column":54}},"type":"default-arg","locations":[{"start":{"line":3,"column":53},"end":{"line":3,"column":54}}],"line":3},"2":{"loc":{"start":{"line":9,"column":4},"end":{"line":17,"column":5}},"type":"if","locations":[{"start":{"line":9,"column":4},"end":{"line":17,"column":5}},{"start":{},"end":{}}],"line":9},"3":{"loc":{"start":{"line":9,"column":8},"end":{"line":9,"column":48}},"type":"binary-expr","locations":[{"start":{"line":9,"column":8},"end":{"line":9,"column":24}},{"start":{"line":9,"column":28},"end":{"line":9,"column":48}}],"line":9},"4":{"loc":{"start":{"line":12,"column":8},"end":{"line":14,"column":9}},"type":"if","locations":[{"start":{"line":12,"column":8},"end":{"line":14,"column":9}},{"start":{},"end":{}}],"line":12},"5":{"loc":{"start":{"line":22,"column":6},"end":{"line":25,"column":7}},"type":"if","locations":[{"start":{"line":22,"column":6},"end":{"line":25,"column":7}},{"start":{},"end":{}}],"line":22},"6":{"loc":{"start":{"line":26,"column":6},"end":{"line":41,"column":7}},"type":"if","locations":[{"start":{"line":26,"column":6},"end":{"line":41,"column":7}},{"start":{},"end":{}}],"line":26},"7":{"loc":{"start":{"line":28,"column":10},"end":{"line":30,"column":11}},"type":"if","locations":[{"start":{"line":28,"column":10},"end":{"line":30,"column":11}},{"start":{},"end":{}}],"line":28},"8":{"loc":{"start":{"line":28,"column":14},"end":{"line":28,"column":67}},"type":"binary-expr","locations":[{"start":{"line":28,"column":14},"end":{"line":28,"column":37}},{"start":{"line":28,"column":41},"end":{"line":28,"column":67}}],"line":28},"9":{"loc":{"start":{"line":31,"column":10},"end":{"line":33,"column":11}},"type":"if","locations":[{"start":{"line":31,"column":10},"end":{"line":33,"column":11}},{"start":{},"end":{}}],"line":31},"10":{"loc":{"start":{"line":31,"column":14},"end":{"line":31,"column":65}},"type":"binary-expr","locations":[{"start":{"line":31,"column":14},"end":{"line":31,"column":37}},{"start":{"line":31,"column":41},"end":{"line":31,"column":65}}],"line":31},"11":{"loc":{"start":{"line":34,"column":10},"end":{"line":36,"column":11}},"type":"if","locations":[{"start":{"line":34,"column":10},"end":{"line":36,"column":11}},{"start":{},"end":{}}],"line":34},"12":{"loc":{"start":{"line":43,"column":6},"end":{"line":50,"column":7}},"type":"if","locations":[{"start":{"line":43,"column":6},"end":{"line":50,"column":7}},{"start":{},"end":{}}],"line":43},"13":{"loc":{"start":{"line":43,"column":10},"end":{"line":43,"column":62}},"type":"binary-expr","locations":[{"start":{"line":43,"column":10},"end":{"line":43,"column":32}},{"start":{"line":43,"column":36},"end":{"line":43,"column":62}}],"line":43},"14":{"loc":{"start":{"line":44,"column":8},"end":{"line":46,"column":9}},"type":"if","locations":[{"start":{"line":44,"column":8},"end":{"line":46,"column":9}},{"start":{},"end":{}}],"line":44},"15":{"loc":{"start":{"line":47,"column":8},"end":{"line":49,"column":9}},"type":"if","locations":[{"start":{"line":47,"column":8},"end":{"line":49,"column":9}},{"start":{},"end":{}}],"line":47},"16":{"loc":{"start":{"line":52,"column":6},"end":{"line":54,"column":7}},"type":"if","locations":[{"start":{"line":52,"column":6},"end":{"line":54,"column":7}},{"start":{},"end":{}}],"line":52},"17":{"loc":{"start":{"line":55,"column":6},"end":{"line":57,"column":7}},"type":"if","locations":[{"start":{"line":55,"column":6},"end":{"line":57,"column":7}},{"start":{},"end":{}}],"line":55}},"s":{"0":1,"1":3,"2":36,"3":36,"4":36,"5":36,"6":21,"7":21,"8":27,"9":9,"10":18,"11":15,"12":54,"13":54,"14":12,"15":12,"16":42,"17":12,"18":24,"19":2,"20":22,"21":1,"22":21,"23":10,"24":11,"25":12,"26":30,"27":9,"28":5,"29":4,"30":4,"31":21,"32":7,"33":14,"34":5,"35":9,"36":15,"37":3},"f":{"0":3,"1":36,"2":27,"3":54,"4":24},"b":{"0":[3],"1":[3],"2":[21,15],"3":[36,36],"4":[9,18],"5":[12,42],"6":[12,30],"7":[2,22],"8":[24,3],"9":[1,21],"10":[22,1],"11":[10,11],"12":[9,21],"13":[30,9],"14":[5,4],"15":[4,0],"16":[7,14],"17":[5,9]},"_coverageSchema":"1a1c01bbd47fc00a2c39e90264f33305004495a9","hash":"e224939964a25cf1f57d42d5e447333aa0a57126"}
}
