TN:
SF:src/index.js
FN:5,(anonymous_0)
FN:7,(anonymous_1)
FN:9,(anonymous_2)
FNF:3
FNH:3
FNDA:2,(anonymous_0)
FNDA:2,(anonymous_1)
FNDA:1,(anonymous_2)
DA:5,2
DA:7,2
DA:9,1
DA:10,1
DA:11,1
DA:13,1
DA:14,1
DA:16,1
LF:8
LH:8
BRF:0
BRH:0
end_of_record
TN:
SF:src/makingDiff.js
FN:3,(anonymous_0)
FN:6,(anonymous_1)
FN:19,(anonymous_2)
FN:21,(anonymous_3)
FNF:4
FNH:4
FNDA:1,(anonymous_0)
FNDA:7,(anonymous_1)
FNDA:5,(anonymous_2)
FNDA:5,(anonymous_3)
DA:3,1
DA:4,1
DA:6,1
DA:7,7
DA:8,4
DA:9,2
DA:11,2
DA:13,3
DA:14,2
DA:16,1
DA:19,5
DA:21,1
DA:22,5
DA:23,5
DA:26,1
LF:15
LH:15
BRDA:7,0,0,4
BRDA:7,0,1,3
BRDA:7,1,0,7
BRDA:7,1,1,6
BRDA:8,2,0,2
BRDA:8,2,1,2
BRDA:13,3,0,2
BRDA:13,3,1,1
BRDA:13,4,0,3
BRDA:13,4,1,2
BRF:10
BRH:10
end_of_record
