TN:
SF:src/creationTree.js
FN:3,(anonymous_0)
FN:7,(anonymous_1)
FNF:2
FNH:2
FNDA:30,(anonymous_0)
FNDA:108,(anonymous_1)
DA:3,1
DA:4,30
DA:5,30
DA:7,30
DA:8,108
DA:9,15
DA:11,93
DA:12,66
DA:14,24
DA:15,24
DA:17,42
DA:18,18
DA:20,24
DA:21,24
DA:27,27
DA:30,30
LF:16
LH:16
BRDA:8,0,0,15
BRDA:8,0,1,93
BRDA:8,1,0,108
BRDA:8,1,1,81
BRDA:11,2,0,66
BRDA:11,2,1,27
BRDA:11,3,0,93
BRDA:11,3,1,66
BRDA:12,4,0,24
BRDA:12,4,1,42
BRDA:12,5,0,66
BRDA:12,5,1,29
BRDA:12,5,2,24
BRDA:12,5,3,24
BRDA:17,6,0,18
BRDA:17,6,1,24
BRDA:20,7,0,24
BRDA:20,7,1,0
BRF:18
BRH:17
end_of_record
TN:
SF:src/index.js
FN:7,(anonymous_0)
FN:9,(anonymous_1)
FN:11,(anonymous_2)
FN:13,(anonymous_3)
FNF:4
FNH:4
FNDA:10,(anonymous_0)
FNDA:10,(anonymous_1)
FNDA:10,(anonymous_2)
FNDA:5,(anonymous_3)
DA:7,10
DA:9,10
DA:11,10
DA:13,1
DA:14,5
DA:15,5
DA:16,5
DA:18,5
DA:19,5
DA:20,5
DA:22,5
DA:23,5
LF:12
LH:12
BRDA:13,0,0,3
BRF:1
BRH:1
end_of_record
TN:
SF:src/parsers.js
FN:3,(anonymous_0)
FNF:1
FNH:1
FNDA:10,(anonymous_0)
DA:3,1
DA:5,10
DA:6,6
DA:7,4
DA:8,4
DA:11,10
LF:6
LH:6
BRDA:5,0,0,6
BRDA:5,0,1,4
BRDA:7,1,0,4
BRDA:7,1,1,0
BRDA:7,2,0,4
BRDA:7,2,1,2
BRF:6
BRH:5
end_of_record
TN:
SF:src/formatters/index.js
FN:4,(anonymous_0)
FNF:1
FNH:1
FNDA:5,(anonymous_0)
DA:5,5
DA:7,3
DA:9,1
DA:11,1
LF:4
LH:4
BRDA:5,0,0,3
BRDA:5,0,1,1
BRDA:5,0,2,1
BRF:3
BRH:3
end_of_record
TN:
SF:src/formatters/plain.js
FN:4,(anonymous_0)
FN:13,(anonymous_1)
FN:32,(anonymous_2)
FN:35,(anonymous_3)
FN:36,(anonymous_4)
FN:41,(anonymous_5)
FN:43,(anonymous_6)
FNF:7
FNH:7
FNDA:26,(anonymous_0)
FNDA:28,(anonymous_1)
FNDA:2,(anonymous_2)
FNDA:10,(anonymous_3)
FNDA:36,(anonymous_4)
FNDA:28,(anonymous_5)
FNDA:16,(anonymous_6)
DA:4,1
DA:5,26
DA:6,6
DA:7,20
DA:8,14
DA:10,6
DA:13,1
DA:14,28
DA:15,8
DA:16,8
DA:19,20
DA:20,4
DA:23,16
DA:24,6
DA:26,10
DA:27,6
DA:29,4
DA:32,1
DA:33,2
DA:35,2
DA:36,10
DA:37,36
DA:39,36
DA:40,8
DA:41,8
DA:42,28
DA:43,8
DA:45,16
DA:46,16
DA:50,28
DA:51,28
DA:53,8
DA:56,28
DA:59,10
DA:62,2
DA:65,1
DA:92,1
DA:124,1
DA:126,1
LF:39
LH:39
BRDA:5,0,0,6
BRDA:5,0,1,20
BRDA:7,1,0,14
BRDA:7,1,1,6
BRDA:14,2,0,8
BRDA:14,2,1,20
BRDA:19,3,0,4
BRDA:19,3,1,16
BRDA:19,4,0,20
BRDA:19,4,1,6
BRDA:23,5,0,6
BRDA:23,5,1,10
BRDA:26,6,0,6
BRDA:26,6,1,4
BRDA:39,7,0,8
BRDA:39,7,1,28
BRDA:42,8,0,8
BRDA:42,8,1,20
BRF:18
BRH:18
end_of_record
TN:
SF:src/formatters/stylish.js
FN:3,(anonymous_0)
FN:4,(anonymous_1)
FN:11,(anonymous_2)
FN:19,(anonymous_3)
FN:27,(anonymous_4)
FNF:5
FNH:5
FNDA:3,(anonymous_0)
FNDA:36,(anonymous_1)
FNDA:27,(anonymous_2)
FNDA:54,(anonymous_3)
FNDA:24,(anonymous_4)
DA:3,1
DA:4,3
DA:5,36
DA:6,36
DA:7,36
DA:9,36
DA:10,21
DA:11,21
DA:12,27
DA:13,9
DA:15,18
DA:19,15
DA:20,54
DA:22,54
DA:23,12
DA:24,12
DA:26,42
DA:27,12
DA:28,24
DA:29,2
DA:31,22
DA:32,1
DA:34,21
DA:35,10
DA:37,11
DA:40,12
DA:43,30
DA:44,9
DA:45,5
DA:47,4
DA:48,4
DA:52,21
DA:53,7
DA:55,14
DA:56,5
DA:58,9
DA:61,15
DA:64,3
LF:38
LH:38
BRDA:3,0,0,3
BRDA:3,1,0,3
BRDA:9,2,0,21
BRDA:9,2,1,15
BRDA:9,3,0,36
BRDA:9,3,1,36
BRDA:12,4,0,9
BRDA:12,4,1,18
BRDA:22,5,0,12
BRDA:22,5,1,42
BRDA:26,6,0,12
BRDA:26,6,1,30
BRDA:28,7,0,2
BRDA:28,7,1,22
BRDA:28,8,0,24
BRDA:28,8,1,3
BRDA:31,9,0,1
BRDA:31,9,1,21
BRDA:31,10,0,22
BRDA:31,10,1,1
BRDA:34,11,0,10
BRDA:34,11,1,11
BRDA:43,12,0,9
BRDA:43,12,1,21
BRDA:43,13,0,30
BRDA:43,13,1,9
BRDA:44,14,0,5
BRDA:44,14,1,4
BRDA:47,15,0,4
BRDA:47,15,1,0
BRDA:52,16,0,7
BRDA:52,16,1,14
BRDA:55,17,0,5
BRDA:55,17,1,9
BRF:34
BRH:33
end_of_record
